<?xml version="1.0" encoding="UTF-8"?>
<testng-results ignored="0" total="1" passed="1" failed="0" skipped="0">
  <reporter-output>
  </reporter-output>
  <suite started-at="2024-07-29T12:54:42 IST" name="Default suite" finished-at="2024-07-29T12:54:42 IST" duration-ms="59">
    <groups>
    </groups>
    <test started-at="2024-07-29T12:54:42 IST" name="Default test" finished-at="2024-07-29T12:54:42 IST" duration-ms="59">
      <class name="javaPrigrams.ImmutablePractice">
        <test-method signature="m2()[pri:0, instance:javaPrigrams.ImmutablePractice@795509d9]" started-at="2024-07-29T12:54:42 IST" name="m2" finished-at="2024-07-29T12:54:42 IST" duration-ms="11" status="PASS">
          <reporter-output>
          </reporter-output>
        </test-method> <!-- m2 -->
      </class> <!-- javaPrigrams.ImmutablePractice -->
    </test> <!-- Default test -->
  </suite> <!-- Default suite -->
</testng-results>
